<?xml version="1.0" encoding="UTF-8"?>
<testsuite xmlns:xsi="http://www.w3.org/2001/XMLSchema-instance" xsi:noNamespaceSchemaLocation="https://maven.apache.org/surefire/maven-surefire-plugin/xsd/surefire-test-report.xsd" name="se.kth.iv1350.pointOfSale.controller.ControllerTest" time="0.044" tests="6" errors="0" skipped="0" failures="0">
  <properties>
[...]
</properties>
  <testcase name="testDoesMinIntegerInputGenerateInvalidInputException" classname="se.kth.iv1350.pointOfSale.controller.ControllerTest" time="0.001"/>
  <testcase name="testDoesMaxIntegerInputGenerateInvalidInputException" classname="se.kth.iv1350.pointOfSale.controller.ControllerTest" time="0.01"/>
  <testcase name="testIsVATReturnedCorrectly" classname="se.kth.iv1350.pointOfSale.controller.ControllerTest" time="0.003"/>
  <testcase name="testIsRunningTotalReturned" classname="se.kth.iv1350.pointOfSale.controller.ControllerTest" time="0.001"/>
  <testcase name="tesIsRightItemReturned" classname="se.kth.iv1350.pointOfSale.controller.ControllerTest" time="0"/>
  <testcase name="testForbiddenItemIDGenerateCouldNotReachDatabaseException" classname="se.kth.iv1350.pointOfSale.controller.ControllerTest" time="0.027"/>
</testsuite>